<?xml version="1.0" encoding="UTF-8"?>
<testsuite name="challenges.BinarySearchTest" tests="1" skipped="0" failures="0" errors="0" timestamp="2020-09-16T22:39:14" hostname="DESKTOP-3G4Q97L" time="0.012">
  <properties/>
  <testcase name="testBinarySearchArrayNotInArray" classname="challenges.BinarySearchTest" time="0.012"/>
  <system-out><![CDATA[]]></system-out>
  <system-err><![CDATA[]]></system-err>
</testsuite>
